#! /c/Source/iverilog-install/bin/vvp
:ivl_version "12.0 (devel)" "(s20150603-1539-g2693dd32b)";
:ivl_delay_selection "TYPICAL";
:vpi_time_precision + 0;
:vpi_module "C:\iverilog\lib\ivl\system.vpi";
:vpi_module "C:\iverilog\lib\ivl\vhdl_sys.vpi";
:vpi_module "C:\iverilog\lib\ivl\vhdl_textio.vpi";
:vpi_module "C:\iverilog\lib\ivl\v2005_math.vpi";
:vpi_module "C:\iverilog\lib\ivl\va_math.vpi";
:vpi_module "C:\iverilog\lib\ivl\v2009.vpi";
S_0000025dd9e99b90 .scope package, "$unit" "$unit" 2 1;
 .timescale 0 0;
S_0000025dd9f22ce0 .scope module, "tb_shift_test" "tb_shift_test" 3 1;
 .timescale 0 0;
P_0000025dd9f239a0 .param/l "INPUT_WIDTH" 0 3 2, +C4<00000000000000000000000000001000>;
P_0000025dd9f239d8 .param/l "LEAK_FACTOR" 0 3 4, +C4<00000000000000000000000000000100>;
P_0000025dd9f23a10 .param/l "POTENTIAL_WIDTH" 0 3 3, +C4<00000000000000000000000000010000>;
v0000025dd9f23420_0 .var/s "current_in", 7 0;
v0000025dd9e99d20_0 .var/s "extended_current", 15 0;
v0000025dd9f22e70_0 .var/s "leak_term", 15 0;
v0000025dd9f22f10_0 .var/s "membrane_potential", 15 0;
    .scope S_0000025dd9f22ce0;
T_0 ;
    %pushi/vec4 73, 0, 8;
    %store/vec4 v0000025dd9f23420_0, 0, 8;
    %pushi/vec4 65076, 0, 16;
    %store/vec4 v0000025dd9f22f10_0, 0, 16;
    %delay 10, 0;
    %load/vec4 v0000025dd9f23420_0;
    %parti/s 1, 7, 4;
    %replicate 8;
    %load/vec4 v0000025dd9f23420_0;
    %concat/vec4; draw_concat_vec4
    %store/vec4 v0000025dd9e99d20_0, 0, 16;
    %delay 10, 0;
    %load/vec4 v0000025dd9f22f10_0;
    %ix/load 4, 4, 0;
    %flag_set/imm 4, 0;
    %shiftr/s 4;
    %store/vec4 v0000025dd9f22e70_0, 0, 16;
    %delay 10, 0;
    %load/vec4 v0000025dd9f22f10_0;
    %load/vec4 v0000025dd9e99d20_0;
    %add;
    %load/vec4 v0000025dd9f22e70_0;
    %sub;
    %assign/vec4 v0000025dd9f22f10_0, 0;
    %delay 10, 0;
    %vpi_call/w 3 30 "$display", "membrane_potential value: %d", v0000025dd9f22f10_0 {0 0 0};
    %vpi_call/w 3 31 "$finish" {0 0 0};
    %end;
    .thread T_0;
# The file index is used to find the file name in the following table.
:file_names 4;
    "N/A";
    "<interactive>";
    "-";
    ".\foo.sv";
